<?xml version="1.0" encoding="UTF-8" ?>
<testsuite failures="0" time="0.071" errors="0" skipped="0" tests="49" name="com.pld.sqli.wrapper.ConnectionWrapperTest">
  <properties>
[...]
</properties>
  <testcase time="0.011" classname="com.pld.sqli.wrapper.ConnectionWrapperTest" name="testPrepareStatement_String_int"/>
  <testcase time="0.001" classname="com.pld.sqli.wrapper.ConnectionWrapperTest" name="testCreateSQLXML"/>
  <testcase time="0.001" classname="com.pld.sqli.wrapper.ConnectionWrapperTest" name="testSetSavepoint_String"/>
  <testcase time="0.001" classname="com.pld.sqli.wrapper.ConnectionWrapperTest" name="testCreateStruct"/>
  <testcase time="0.002" classname="com.pld.sqli.wrapper.ConnectionWrapperTest" name="testIsWrapperFor"/>
  <testcase time="0.001" classname="com.pld.sqli.wrapper.ConnectionWrapperTest" name="testSetCatalog"/>
  <testcase time="0.001" classname="com.pld.sqli.wrapper.ConnectionWrapperTest" name="testClose"/>
  <testcase time="0.001" classname="com.pld.sqli.wrapper.ConnectionWrapperTest" name="testPrepareStatement_String_intArr"/>
  <testcase time="0.001" classname="com.pld.sqli.wrapper.ConnectionWrapperTest" name="testCreateNClob"/>
  <testcase time="0.002" classname="com.pld.sqli.wrapper.ConnectionWrapperTest" name="testSetClientInfo_Properties"/>
  <testcase time="0.002" classname="com.pld.sqli.wrapper.ConnectionWrapperTest" name="testReleaseSavepoint"/>
  <testcase time="0.001" classname="com.pld.sqli.wrapper.ConnectionWrapperTest" name="testSetSavepoint_0args"/>
  <testcase time="0.001" classname="com.pld.sqli.wrapper.ConnectionWrapperTest" name="testPrepareCall_String"/>
  <testcase time="0.002" classname="com.pld.sqli.wrapper.ConnectionWrapperTest" name="testCreateArrayOf"/>
  <testcase time="0.001" classname="com.pld.sqli.wrapper.ConnectionWrapperTest" name="testGetHoldability"/>
  <testcase time="0.001" classname="com.pld.sqli.wrapper.ConnectionWrapperTest" name="testGetTypeMap"/>
  <testcase time="0.002" classname="com.pld.sqli.wrapper.ConnectionWrapperTest" name="testPrepareCall_3args"/>
  <testcase time="0.001" classname="com.pld.sqli.wrapper.ConnectionWrapperTest" name="testNativeSQL"/>
  <testcase time="0.001" classname="com.pld.sqli.wrapper.ConnectionWrapperTest" name="testPrepareCall_4args"/>
  <testcase time="0.001" classname="com.pld.sqli.wrapper.ConnectionWrapperTest" name="testSetTransactionIsolation"/>
  <testcase time="0.001" classname="com.pld.sqli.wrapper.ConnectionWrapperTest" name="testIsClosed"/>
  <testcase time="0.001" classname="com.pld.sqli.wrapper.ConnectionWrapperTest" name="testGetClientInfo_String"/>
  <testcase time="0.002" classname="com.pld.sqli.wrapper.ConnectionWrapperTest" name="testPrepareStatement_String_StringArr"/>
  <testcase time="0.001" classname="com.pld.sqli.wrapper.ConnectionWrapperTest" name="testCreateStatement_0args"/>
  <testcase time="0.001" classname="com.pld.sqli.wrapper.ConnectionWrapperTest" name="testCreateStatement_3args"/>
  <testcase time="0.001" classname="com.pld.sqli.wrapper.ConnectionWrapperTest" name="testPrepareStatement_3args"/>
  <testcase time="0.002" classname="com.pld.sqli.wrapper.ConnectionWrapperTest" name="testPrepareStatement_4args"/>
  <testcase time="0.001" classname="com.pld.sqli.wrapper.ConnectionWrapperTest" name="testSetReadOnly"/>
  <testcase time="0.001" classname="com.pld.sqli.wrapper.ConnectionWrapperTest" name="testCreateStatement_int_int"/>
  <testcase time="0.001" classname="com.pld.sqli.wrapper.ConnectionWrapperTest" name="testSetClientInfo_String_String"/>
  <testcase time="0.001" classname="com.pld.sqli.wrapper.ConnectionWrapperTest" name="testCreateBlob"/>
  <testcase time="0.001" classname="com.pld.sqli.wrapper.ConnectionWrapperTest" name="testCreateClob"/>
  <testcase time="0.002" classname="com.pld.sqli.wrapper.ConnectionWrapperTest" name="testGetAutoCommit"/>
  <testcase time="0.001" classname="com.pld.sqli.wrapper.ConnectionWrapperTest" name="testGetCatalog"/>
  <testcase time="0.001" classname="com.pld.sqli.wrapper.ConnectionWrapperTest" name="testGetMetaData"/>
  <testcase time="0.001" classname="com.pld.sqli.wrapper.ConnectionWrapperTest" name="testGetClientInfo_0args"/>
  <testcase time="0.001" classname="com.pld.sqli.wrapper.ConnectionWrapperTest" name="testPrepareStatement_String"/>
  <testcase time="0.001" classname="com.pld.sqli.wrapper.ConnectionWrapperTest" name="testCommit"/>
  <testcase time="0.001" classname="com.pld.sqli.wrapper.ConnectionWrapperTest" name="testSetTypeMap"/>
  <testcase time="0.001" classname="com.pld.sqli.wrapper.ConnectionWrapperTest" name="testSetAutoCommit"/>
  <testcase time="0.002" classname="com.pld.sqli.wrapper.ConnectionWrapperTest" name="testClearWarnings"/>
  <testcase time="0.001" classname="com.pld.sqli.wrapper.ConnectionWrapperTest" name="testRollback_0args"/>
  <testcase time="0.001" classname="com.pld.sqli.wrapper.ConnectionWrapperTest" name="testIsValid"/>
  <testcase time="0.001" classname="com.pld.sqli.wrapper.ConnectionWrapperTest" name="testRollback_Savepoint"/>
  <testcase time="0.002" classname="com.pld.sqli.wrapper.ConnectionWrapperTest" name="testSetHoldability"/>
  <testcase time="0.001" classname="com.pld.sqli.wrapper.ConnectionWrapperTest" name="testUnwrap"/>
  <testcase time="0.002" classname="com.pld.sqli.wrapper.ConnectionWrapperTest" name="testGetWarnings"/>
  <testcase time="0.001" classname="com.pld.sqli.wrapper.ConnectionWrapperTest" name="testIsReadOnly"/>
  <testcase time="0.002" classname="com.pld.sqli.wrapper.ConnectionWrapperTest" name="testGetTransactionIsolation"/>
</testsuite>