<?xml version="1.0" encoding="UTF-8" ?>
<testsuite failures="0" time="0.057" errors="0" skipped="0" tests="44" name="com.pld.sqli.wrapper.StatementWrapperTest">
  <properties>
[...]
</properties>
  <testcase time="0.008" classname="com.pld.sqli.wrapper.StatementWrapperTest" name="testSetMaxFieldSize"/>
  <testcase time="0.001" classname="com.pld.sqli.wrapper.StatementWrapperTest" name="testGetResultSetConcurrency"/>
  <testcase time="0.001" classname="com.pld.sqli.wrapper.StatementWrapperTest" name="testSetCursorName"/>
  <testcase time="0.001" classname="com.pld.sqli.wrapper.StatementWrapperTest" name="testSetQueryTimeout"/>
  <testcase time="0.001" classname="com.pld.sqli.wrapper.StatementWrapperTest" name="testGetBatchParameters"/>
  <testcase time="0" classname="com.pld.sqli.wrapper.StatementWrapperTest" name="testIsWrapperFor"/>
  <testcase time="0" classname="com.pld.sqli.wrapper.StatementWrapperTest" name="testSetEscapeProcessing"/>
  <testcase time="0.001" classname="com.pld.sqli.wrapper.StatementWrapperTest" name="testClearBatch"/>
  <testcase time="0.001" classname="com.pld.sqli.wrapper.StatementWrapperTest" name="testClose"/>
  <testcase time="0.001" classname="com.pld.sqli.wrapper.StatementWrapperTest" name="testSetMaxRows"/>
  <testcase time="0.001" classname="com.pld.sqli.wrapper.StatementWrapperTest" name="testGetResultSetType"/>
  <testcase time="0.001" classname="com.pld.sqli.wrapper.StatementWrapperTest" name="testExecuteUpdate_String"/>
  <testcase time="0.002" classname="com.pld.sqli.wrapper.StatementWrapperTest" name="testIsPoolable"/>
  <testcase time="0.002" classname="com.pld.sqli.wrapper.StatementWrapperTest" name="testGetResultSet"/>
  <testcase time="0.002" classname="com.pld.sqli.wrapper.StatementWrapperTest" name="testSetFetchDirection"/>
  <testcase time="0.002" classname="com.pld.sqli.wrapper.StatementWrapperTest" name="testAddBatch"/>
  <testcase time="0.001" classname="com.pld.sqli.wrapper.StatementWrapperTest" name="testGetGeneratedKeys"/>
  <testcase time="0.002" classname="com.pld.sqli.wrapper.StatementWrapperTest" name="testExecuteBatch"/>
  <testcase time="0.002" classname="com.pld.sqli.wrapper.StatementWrapperTest" name="testExecuteQuery"/>
  <testcase time="0" classname="com.pld.sqli.wrapper.StatementWrapperTest" name="testGetBatchSQL"/>
  <testcase time="0.002" classname="com.pld.sqli.wrapper.StatementWrapperTest" name="testGetFetchSize"/>
  <testcase time="0.001" classname="com.pld.sqli.wrapper.StatementWrapperTest" name="testIsClosed"/>
  <testcase time="0.001" classname="com.pld.sqli.wrapper.StatementWrapperTest" name="testGetFetchDirection"/>
  <testcase time="0.003" classname="com.pld.sqli.wrapper.StatementWrapperTest" name="testExecuteUpdate_String_intArr"/>
  <testcase time="0.001" classname="com.pld.sqli.wrapper.StatementWrapperTest" name="testGetConnection"/>
  <testcase time="0.002" classname="com.pld.sqli.wrapper.StatementWrapperTest" name="testExecute_String_StringArr"/>
  <testcase time="0" classname="com.pld.sqli.wrapper.StatementWrapperTest" name="testGetMoreResults_int"/>
  <testcase time="0" classname="com.pld.sqli.wrapper.StatementWrapperTest" name="testGetMoreResults_0args"/>
  <testcase time="0.002" classname="com.pld.sqli.wrapper.StatementWrapperTest" name="testExecute_String_intArr"/>
  <testcase time="0.001" classname="com.pld.sqli.wrapper.StatementWrapperTest" name="testExecute_String"/>
  <testcase time="0.001" classname="com.pld.sqli.wrapper.StatementWrapperTest" name="testGetMaxRows"/>
  <testcase time="0.001" classname="com.pld.sqli.wrapper.StatementWrapperTest" name="testExecuteUpdate_String_StringArr"/>
  <testcase time="0.001" classname="com.pld.sqli.wrapper.StatementWrapperTest" name="testCancel"/>
  <testcase time="0.001" classname="com.pld.sqli.wrapper.StatementWrapperTest" name="testGetMaxFieldSize"/>
  <testcase time="0.001" classname="com.pld.sqli.wrapper.StatementWrapperTest" name="testSetFetchSize"/>
  <testcase time="0.001" classname="com.pld.sqli.wrapper.StatementWrapperTest" name="testExecuteUpdate_String_int"/>
  <testcase time="0.001" classname="com.pld.sqli.wrapper.StatementWrapperTest" name="testGetQueryTimeout"/>
  <testcase time="0.001" classname="com.pld.sqli.wrapper.StatementWrapperTest" name="testClearWarnings"/>
  <testcase time="0.001" classname="com.pld.sqli.wrapper.StatementWrapperTest" name="testExecute_String_int"/>
  <testcase time="0.001" classname="com.pld.sqli.wrapper.StatementWrapperTest" name="testUnwrap"/>
  <testcase time="0.001" classname="com.pld.sqli.wrapper.StatementWrapperTest" name="testGetUpdateCount"/>
  <testcase time="0.001" classname="com.pld.sqli.wrapper.StatementWrapperTest" name="testGetWarnings"/>
  <testcase time="0.001" classname="com.pld.sqli.wrapper.StatementWrapperTest" name="testSetPoolable"/>
  <testcase time="0.001" classname="com.pld.sqli.wrapper.StatementWrapperTest" name="testGetResultSetHoldability"/>
</testsuite>